<?xml version="1.0" encoding="UTF-8"?>
<testsuite xmlns:xsi="http://www.w3.org/2001/XMLSchema-instance" xsi:noNamespaceSchemaLocation="https://maven.apache.org/surefire/maven-surefire-plugin/xsd/surefire-test-report.xsd" name="cn.guzx.springbootStudy.SpringbootStudyApplicationTests" time="10.934" tests="2" errors="0" skipped="0" failures="0">
  <properties>
[...]
</properties>
  <testcase name="contextLoads" classname="cn.guzx.springbootStudy.SpringbootStudyApplicationTests" time="1.045"/>
  <testcase name="testPerson" classname="cn.guzx.springbootStudy.SpringbootStudyApplicationTests" time="0.013"/>
</testsuite>